# JRE version: OpenJDK Runtime Environment Temurin-21.0.7+6 (21.0.7+6) (build 21.0.7+6-LTS)
# Java VM: OpenJDK 64-Bit Server VM Temurin-21.0.7+6 (21.0.7+6-LTS, mixed mode, sharing, tiered, compressed oops, compressed class ptrs, parallel gc, windows-amd64)
GC Precious Log:
 CardTable entry size: 512
 CPUs: 16 total, 16 available
 Memory: 16077M
 Large Page Support: Disabled
 NUMA Support: Disabled
 Compressed Oops: Enabled (32-bit)
 Alignments: Space 512K, Generation 512K, Heap 2M
 Heap Min Capacity: 100M
 Heap Initial Capacity: 100M
 Heap Max Capacity: 1G
 Pre-touch: Disabled
 Parallel Workers: 13
Heap:
 PSYoungGen      total 24064K, used 10945K [0x00000000eab00000, 0x00000000ec800000, 0x0000000100000000)
  eden space 20992K, 38% used [0x00000000eab00000,0x00000000eb2f06c0,0x00000000ebf80000)
  from space 3072K, 91% used [0x00000000ec500000,0x00000000ec7c0020,0x00000000ec800000)
  to   space 4096K, 0% used [0x00000000ec000000,0x00000000ec000000,0x00000000ec400000)
 ParOldGen       total 68608K, used 37497K [0x00000000c0000000, 0x00000000c4300000, 0x00000000eab00000)
  object space 68608K, 54% used [0x00000000c0000000,0x00000000c249e4d0,0x00000000c4300000)
 Metaspace       used 45368K, committed 46464K, reserved 1114112K
  class space    used 4302K, committed 4800K, reserved 1048576K
GC Heap History (20 events):
Event: 8.537 GC heap before
{Heap before GC invocations=17 (full 1):
 PSYoungGen      total 24576K, used 24416K [0x00000000eab00000, 0x00000000ec580000, 0x0000000100000000)
  eden space 22016K, 100% used [0x00000000eab00000,0x00000000ec080000,0x00000000ec080000)
  from space 2560K, 93% used [0x00000000ec080000,0x00000000ec2d8010,0x00000000ec300000)
  to   space 2560K, 0% used [0x00000000ec300000,0x00000000ec300000,0x00000000ec580000)
 ParOldGen       total 68608K, used 24791K [0x00000000c0000000, 0x00000000c4300000, 0x00000000eab00000)
  object space 68608K, 36% used [0x00000000c0000000,0x00000000c1835e48,0x00000000c4300000)
 Metaspace       used 32508K, committed 33408K, reserved 1114112K
  class space    used 3194K, committed 3584K, reserved 1048576K
}
Event: 8.542 GC heap after
{Heap after GC invocations=17 (full 1):
 PSYoungGen      total 24576K, used 1976K [0x00000000eab00000, 0x00000000ec580000, 0x0000000100000000)
  eden space 22016K, 0% used [0x00000000eab00000,0x00000000eab00000,0x00000000ec080000)
  from space 2560K, 77% used [0x00000000ec300000,0x00000000ec4ee200,0x00000000ec580000)
  to   space 2560K, 0% used [0x00000000ec080000,0x00000000ec080000,0x00000000ec300000)
 ParOldGen       total 68608K, used 26991K [0x00000000c0000000, 0x00000000c4300000, 0x00000000eab00000)
  object space 68608K, 39% used [0x00000000c0000000,0x00000000c1a5be58,0x00000000c4300000)
 Metaspace       used 32508K, committed 33408K, reserved 1114112K
  class space    used 3194K, committed 3584K, reserved 1048576K
}
Event: 8.927 GC heap before
{Heap before GC invocations=18 (full 1):
 PSYoungGen      total 24576K, used 22397K [0x00000000eab00000, 0x00000000ec580000, 0x0000000100000000)
  eden space 22016K, 92% used [0x00000000eab00000,0x00000000ebef14b0,0x00000000ec080000)
  from space 2560K, 77% used [0x00000000ec300000,0x00000000ec4ee200,0x00000000ec580000)
  to   space 2560K, 0% used [0x00000000ec080000,0x00000000ec080000,0x00000000ec300000)
 ParOldGen       total 68608K, used 26991K [0x00000000c0000000, 0x00000000c4300000, 0x00000000eab00000)
  object space 68608K, 39% used [0x00000000c0000000,0x00000000c1a5be58,0x00000000c4300000)
 Metaspace       used 34966K, committed 35840K, reserved 1114112K
  class space    used 3458K, committed 3840K, reserved 1048576K
}
Event: 8.930 GC heap after
{Heap after GC invocations=18 (full 1):
 PSYoungGen      total 24576K, used 2114K [0x00000000eab00000, 0x00000000ec580000, 0x0000000100000000)
  eden space 22016K, 0% used [0x00000000eab00000,0x00000000eab00000,0x00000000ec080000)
  from space 2560K, 82% used [0x00000000ec080000,0x00000000ec290928,0x00000000ec300000)
  to   space 2560K, 0% used [0x00000000ec300000,0x00000000ec300000,0x00000000ec580000)
 ParOldGen       total 68608K, used 28836K [0x00000000c0000000, 0x00000000c4300000, 0x00000000eab00000)
  object space 68608K, 42% used [0x00000000c0000000,0x00000000c1c293b0,0x00000000c4300000)
 Metaspace       used 34966K, committed 35840K, reserved 1114112K
  class space    used 3458K, committed 3840K, reserved 1048576K
}
Event: 8.930 GC heap before
{Heap before GC invocations=19 (full 2):
 PSYoungGen      total 24576K, used 2114K [0x00000000eab00000, 0x00000000ec580000, 0x0000000100000000)
  eden space 22016K, 0% used [0x00000000eab00000,0x00000000eab00000,0x00000000ec080000)
  from space 2560K, 82% used [0x00000000ec080000,0x00000000ec290928,0x00000000ec300000)
  to   space 2560K, 0% used [0x00000000ec300000,0x00000000ec300000,0x00000000ec580000)
 ParOldGen       total 68608K, used 28836K [0x00000000c0000000, 0x00000000c4300000, 0x00000000eab00000)
  object space 68608K, 42% used [0x00000000c0000000,0x00000000c1c293b0,0x00000000c4300000)
 Metaspace       used 34966K, committed 35840K, reserved 1114112K
  class space    used 3458K, committed 3840K, reserved 1048576K
}
Event: 8.973 GC heap after
{Heap after GC invocations=19 (full 2):
 PSYoungGen      total 24576K, used 0K [0x00000000eab00000, 0x00000000ec580000, 0x0000000100000000)
  eden space 22016K, 0% used [0x00000000eab00000,0x00000000eab00000,0x00000000ec080000)
  from space 2560K, 0% used [0x00000000ec080000,0x00000000ec080000,0x00000000ec300000)
  to   space 2560K, 0% used [0x00000000ec300000,0x00000000ec300000,0x00000000ec580000)
 ParOldGen       total 68608K, used 28144K [0x00000000c0000000, 0x00000000c4300000, 0x00000000eab00000)
  object space 68608K, 41% used [0x00000000c0000000,0x00000000c1b7c398,0x00000000c4300000)
 Metaspace       used 34894K, committed 35840K, reserved 1114112K
  class space    used 3438K, committed 3840K, reserved 1048576K
}
Event: 9.181 GC heap before
{Heap before GC invocations=20 (full 2):
 PSYoungGen      total 24576K, used 21983K [0x00000000eab00000, 0x00000000ec580000, 0x0000000100000000)
  eden space 22016K, 99% used [0x00000000eab00000,0x00000000ec077c88,0x00000000ec080000)
  from space 2560K, 0% used [0x00000000ec080000,0x00000000ec080000,0x00000000ec300000)
  to   space 2560K, 0% used [0x00000000ec300000,0x00000000ec300000,0x00000000ec580000)
 ParOldGen       total 68608K, used 28144K [0x00000000c0000000, 0x00000000c4300000, 0x00000000eab00000)
  object space 68608K, 41% used [0x00000000c0000000,0x00000000c1b7c398,0x00000000c4300000)
 Metaspace       used 36514K, committed 37504K, reserved 1114112K
  class space    used 3602K, committed 4032K, reserved 1048576K
}
Event: 9.183 GC heap after
{Heap after GC invocations=20 (full 2):
 PSYoungGen      total 23552K, used 1113K [0x00000000eab00000, 0x00000000ec480000, 0x0000000100000000)
  eden space 22016K, 0% used [0x00000000eab00000,0x00000000eab00000,0x00000000ec080000)
  from space 1536K, 72% used [0x00000000ec300000,0x00000000ec416528,0x00000000ec480000)
  to   space 1536K, 0% used [0x00000000ec180000,0x00000000ec180000,0x00000000ec300000)
 ParOldGen       total 68608K, used 28152K [0x00000000c0000000, 0x00000000c4300000, 0x00000000eab00000)
  object space 68608K, 41% used [0x00000000c0000000,0x00000000c1b7e398,0x00000000c4300000)
 Metaspace       used 36514K, committed 37504K, reserved 1114112K
  class space    used 3602K, committed 4032K, reserved 1048576K
}
Event: 9.480 GC heap before
{Heap before GC invocations=21 (full 2):
 PSYoungGen      total 23552K, used 23129K [0x00000000eab00000, 0x00000000ec480000, 0x0000000100000000)
  eden space 22016K, 100% used [0x00000000eab00000,0x00000000ec080000,0x00000000ec080000)
  from space 1536K, 72% used [0x00000000ec300000,0x00000000ec416528,0x00000000ec480000)
  to   space 1536K, 0% used [0x00000000ec180000,0x00000000ec180000,0x00000000ec300000)
 ParOldGen       total 68608K, used 28152K [0x00000000c0000000, 0x00000000c4300000, 0x00000000eab00000)
  object space 68608K, 41% used [0x00000000c0000000,0x00000000c1b7e398,0x00000000c4300000)
 Metaspace       used 38089K, committed 39104K, reserved 1114112K
  class space    used 3746K, committed 4160K, reserved 1048576K
}
Event: 9.483 GC heap after
{Heap after GC invocations=21 (full 2):
 PSYoungGen      total 23552K, used 1518K [0x00000000eab00000, 0x00000000ec780000, 0x0000000100000000)
  eden space 22016K, 0% used [0x00000000eab00000,0x00000000eab00000,0x00000000ec080000)
  from space 1536K, 98% used [0x00000000ec180000,0x00000000ec2fb8e0,0x00000000ec300000)
  to   space 3584K, 0% used [0x00000000ec400000,0x00000000ec400000,0x00000000ec780000)
 ParOldGen       total 68608K, used 29829K [0x00000000c0000000, 0x00000000c4300000, 0x00000000eab00000)
  object space 68608K, 43% used [0x00000000c0000000,0x00000000c1d215a0,0x00000000c4300000)
 Metaspace       used 38089K, committed 39104K, reserved 1114112K
  class space    used 3746K, committed 4160K, reserved 1048576K
}
Event: 9.569 GC heap before
{Heap before GC invocations=22 (full 2):
 PSYoungGen      total 23552K, used 23534K [0x00000000eab00000, 0x00000000ec780000, 0x0000000100000000)
  eden space 22016K, 100% used [0x00000000eab00000,0x00000000ec080000,0x00000000ec080000)
  from space 1536K, 98% used [0x00000000ec180000,0x00000000ec2fb8e0,0x00000000ec300000)
  to   space 3584K, 0% used [0x00000000ec400000,0x00000000ec400000,0x00000000ec780000)
 ParOldGen       total 68608K, used 29829K [0x00000000c0000000, 0x00000000c4300000, 0x00000000eab00000)
  object space 68608K, 43% used [0x00000000c0000000,0x00000000c1d215a0,0x00000000c4300000)
 Metaspace       used 38325K, committed 39296K, reserved 1114112K
  class space    used 3770K, committed 4160K, reserved 1048576K
}
Event: 9.571 GC heap after
{Heap after GC invocations=22 (full 2):
 PSYoungGen      total 23552K, used 1078K [0x00000000eab00000, 0x00000000ec580000, 0x0000000100000000)
  eden space 22016K, 0% used [0x00000000eab00000,0x00000000eab00000,0x00000000ec080000)
  from space 1536K, 70% used [0x00000000ec400000,0x00000000ec50d800,0x00000000ec580000)
  to   space 2048K, 0% used [0x00000000ec180000,0x00000000ec180000,0x00000000ec380000)
 ParOldGen       total 68608K, used 31048K [0x00000000c0000000, 0x00000000c4300000, 0x00000000eab00000)
  object space 68608K, 45% used [0x00000000c0000000,0x00000000c1e52310,0x00000000c4300000)
 Metaspace       used 38325K, committed 39296K, reserved 1114112K
  class space    used 3770K, committed 4160K, reserved 1048576K
}
Event: 9.900 GC heap before
{Heap before GC invocations=23 (full 2):
 PSYoungGen      total 23552K, used 23094K [0x00000000eab00000, 0x00000000ec580000, 0x0000000100000000)
  eden space 22016K, 100% used [0x00000000eab00000,0x00000000ec080000,0x00000000ec080000)
  from space 1536K, 70% used [0x00000000ec400000,0x00000000ec50d800,0x00000000ec580000)
  to   space 2048K, 0% used [0x00000000ec180000,0x00000000ec180000,0x00000000ec380000)
 ParOldGen       total 68608K, used 31048K [0x00000000c0000000, 0x00000000c4300000, 0x00000000eab00000)
  object space 68608K, 45% used [0x00000000c0000000,0x00000000c1e52310,0x00000000c4300000)
 Metaspace       used 40238K, committed 41216K, reserved 1114112K
  class space    used 3943K, committed 4416K, reserved 1048576K
}
Event: 9.902 GC heap after
{Heap after GC invocations=23 (full 2):
 PSYoungGen      total 23552K, used 1418K [0x00000000eab00000, 0x00000000ec480000, 0x0000000100000000)
  eden space 22016K, 0% used [0x00000000eab00000,0x00000000eab00000,0x00000000ec080000)
  from space 1536K, 92% used [0x00000000ec180000,0x00000000ec2e2808,0x00000000ec300000)
  to   space 1536K, 0% used [0x00000000ec300000,0x00000000ec300000,0x00000000ec480000)
 ParOldGen       total 68608K, used 31184K [0x00000000c0000000, 0x00000000c4300000, 0x00000000eab00000)
  object space 68608K, 45% used [0x00000000c0000000,0x00000000c1e74310,0x00000000c4300000)
 Metaspace       used 40238K, committed 41216K, reserved 1114112K
  class space    used 3943K, committed 4416K, reserved 1048576K
}
Event: 10.274 GC heap before
{Heap before GC invocations=24 (full 2):
 PSYoungGen      total 23552K, used 23434K [0x00000000eab00000, 0x00000000ec480000, 0x0000000100000000)
  eden space 22016K, 100% used [0x00000000eab00000,0x00000000ec080000,0x00000000ec080000)
  from space 1536K, 92% used [0x00000000ec180000,0x00000000ec2e2808,0x00000000ec300000)
  to   space 1536K, 0% used [0x00000000ec300000,0x00000000ec300000,0x00000000ec480000)
 ParOldGen       total 68608K, used 31184K [0x00000000c0000000, 0x00000000c4300000, 0x00000000eab00000)
  object space 68608K, 45% used [0x00000000c0000000,0x00000000c1e74310,0x00000000c4300000)
 Metaspace       used 41942K, committed 43008K, reserved 1114112K
  class space    used 4105K, committed 4608K, reserved 1048576K
}
Event: 10.277 GC heap after
{Heap after GC invocations=24 (full 2):
 PSYoungGen      total 22528K, used 1521K [0x00000000eab00000, 0x00000000ec780000, 0x0000000100000000)
  eden space 20992K, 0% used [0x00000000eab00000,0x00000000eab00000,0x00000000ebf80000)
  from space 1536K, 99% used [0x00000000ec300000,0x00000000ec47c4e0,0x00000000ec480000)
  to   space 3584K, 0% used [0x00000000ebf80000,0x00000000ebf80000,0x00000000ec300000)
 ParOldGen       total 68608K, used 32717K [0x00000000c0000000, 0x00000000c4300000, 0x00000000eab00000)
  object space 68608K, 47% used [0x00000000c0000000,0x00000000c1ff35f8,0x00000000c4300000)
 Metaspace       used 41942K, committed 43008K, reserved 1114112K
  class space    used 4105K, committed 4608K, reserved 1048576K
}
Event: 11.677 GC heap before
{Heap before GC invocations=25 (full 2):
 PSYoungGen      total 22528K, used 22513K [0x00000000eab00000, 0x00000000ec780000, 0x0000000100000000)
  eden space 20992K, 100% used [0x00000000eab00000,0x00000000ebf80000,0x00000000ebf80000)
  from space 1536K, 99% used [0x00000000ec300000,0x00000000ec47c4e0,0x00000000ec480000)
  to   space 3584K, 0% used [0x00000000ebf80000,0x00000000ebf80000,0x00000000ec300000)
 ParOldGen       total 68608K, used 32717K [0x00000000c0000000, 0x00000000c4300000, 0x00000000eab00000)
  object space 68608K, 47% used [0x00000000c0000000,0x00000000c1ff35f8,0x00000000c4300000)
 Metaspace       used 43245K, committed 44288K, reserved 1114112K
  class space    used 4189K, committed 4672K, reserved 1048576K
}
Event: 11.681 GC heap after
{Heap after GC invocations=25 (full 2):
 PSYoungGen      total 24576K, used 3553K [0x00000000eab00000, 0x00000000eca80000, 0x0000000100000000)
  eden space 20992K, 0% used [0x00000000eab00000,0x00000000eab00000,0x00000000ebf80000)
  from space 3584K, 99% used [0x00000000ebf80000,0x00000000ec2f8708,0x00000000ec300000)
  to   space 5632K, 0% used [0x00000000ec500000,0x00000000ec500000,0x00000000eca80000)
 ParOldGen       total 68608K, used 34155K [0x00000000c0000000, 0x00000000c4300000, 0x00000000eab00000)
  object space 68608K, 49% used [0x00000000c0000000,0x00000000c215ac08,0x00000000c4300000)
 Metaspace       used 43245K, committed 44288K, reserved 1114112K
  class space    used 4189K, committed 4672K, reserved 1048576K
}
Event: 14.726 GC heap before
{Heap before GC invocations=26 (full 2):
 PSYoungGen      total 24576K, used 24545K [0x00000000eab00000, 0x00000000eca80000, 0x0000000100000000)
  eden space 20992K, 100% used [0x00000000eab00000,0x00000000ebf80000,0x00000000ebf80000)
  from space 3584K, 99% used [0x00000000ebf80000,0x00000000ec2f8708,0x00000000ec300000)
  to   space 5632K, 0% used [0x00000000ec500000,0x00000000ec500000,0x00000000eca80000)
 ParOldGen       total 68608K, used 34155K [0x00000000c0000000, 0x00000000c4300000, 0x00000000eab00000)
  object space 68608K, 49% used [0x00000000c0000000,0x00000000c215ac08,0x00000000c4300000)
 Metaspace       used 44267K, committed 45248K, reserved 1114112K
  class space    used 4224K, committed 4672K, reserved 1048576K
}
Event: 14.730 GC heap after
{Heap after GC invocations=26 (full 2):
 PSYoungGen      total 24064K, used 2816K [0x00000000eab00000, 0x00000000ec800000, 0x0000000100000000)
  eden space 20992K, 0% used [0x00000000eab00000,0x00000000eab00000,0x00000000ebf80000)
  from space 3072K, 91% used [0x00000000ec500000,0x00000000ec7c0020,0x00000000ec800000)
  to   space 4096K, 0% used [0x00000000ec000000,0x00000000ec000000,0x00000000ec400000)
 ParOldGen       total 68608K, used 37497K [0x00000000c0000000, 0x00000000c4300000, 0x00000000eab00000)
  object space 68608K, 54% used [0x00000000c0000000,0x00000000c249e4d0,0x00000000c4300000)
 Metaspace       used 44267K, committed 45248K, reserved 1114112K
  class space    used 4224K, committed 4672K, reserved 1048576K
}

